2020-11-24 12:12:46.682 [main] DEBUG org.hibernate.SQL - insert into trading_record (coin_code, quantity, trading_type, money, unit, price_type, booked_date, remark, revision, created_by, created_time, updated_by, updated_time, id) values (?, ?, ?, ?, ?, ?, ?, ?, ?, ?, ?, ?, ?, ?)
2020-11-24 12:12:46.694 [main] TRACE org.hibernate.type.descriptor.sql.BasicBinder - binding parameter [1] as [VARCHAR] - [BTC]
2020-11-24 12:12:46.695 [main] TRACE org.hibernate.type.descriptor.sql.BasicBinder - binding parameter [2] as [DOUBLE] - [1.0]
2020-11-24 12:12:46.695 [main] TRACE org.hibernate.type.descriptor.sql.BasicBinder - binding parameter [3] as [VARCHAR] - [1]
2020-11-24 12:12:46.696 [main] TRACE org.hibernate.type.descriptor.sql.BasicBinder - binding parameter [4] as [DOUBLE] - [35000.0]
2020-11-24 12:12:46.696 [main] TRACE org.hibernate.type.descriptor.sql.BasicBinder - binding parameter [5] as [VARCHAR] - [CNY]
2020-11-24 12:12:46.696 [main] TRACE org.hibernate.type.descriptor.sql.BasicBinder - binding parameter [6] as [VARCHAR] - [2]
2020-11-24 12:12:46.697 [main] TRACE org.hibernate.type.descriptor.sql.BasicBinder - binding parameter [7] as [TIMESTAMP] - [Tue Nov 24 12:12:46 CST 2020]
2020-11-24 12:12:46.699 [main] TRACE org.hibernate.type.descriptor.sql.BasicBinder - binding parameter [8] as [VARCHAR] - []
2020-11-24 12:12:46.700 [main] TRACE org.hibernate.type.descriptor.sql.BasicBinder - binding parameter [9] as [INTEGER] - [1]
2020-11-24 12:12:46.701 [main] TRACE org.hibernate.type.descriptor.sql.BasicBinder - binding parameter [10] as [VARCHAR] - [Felix]
2020-11-24 12:12:46.701 [main] TRACE org.hibernate.type.descriptor.sql.BasicBinder - binding parameter [11] as [TIMESTAMP] - [Tue Nov 24 12:12:46 CST 2020]
2020-11-24 12:12:46.701 [main] TRACE org.hibernate.type.descriptor.sql.BasicBinder - binding parameter [12] as [VARCHAR] - [felix]
2020-11-24 12:12:46.701 [main] TRACE org.hibernate.type.descriptor.sql.BasicBinder - binding parameter [13] as [TIMESTAMP] - [Tue Nov 24 12:12:46 CST 2020]
2020-11-24 12:12:46.702 [main] TRACE org.hibernate.type.descriptor.sql.BasicBinder - binding parameter [14] as [VARCHAR] - [ff80808175f874280175f87434ad0000]
2020-11-24 12:14:40.830 [task-1] DEBUG org.hibernate.SQL - create table trading_record (id varchar(32) not null, coin_code varchar(50), quantity double precision, trading_type varchar(50), money double precision, unit varchar(50), price_type varchar(50), booked_date datetime(6), remark varchar(50), revision integer, created_by varchar(50), created_time datetime(6), updated_by varchar(50), updated_time datetime(6), primary key (id)) engine=InnoDB
2020-11-24 12:14:43.430 [main] DEBUG org.hibernate.SQL - insert into trading_record (coin_code, quantity, trading_type, money, unit, price_type, booked_date, remark, revision, created_by, created_time, updated_by, updated_time, id) values (?, ?, ?, ?, ?, ?, ?, ?, ?, ?, ?, ?, ?, ?)
2020-11-24 12:14:43.437 [main] TRACE org.hibernate.type.descriptor.sql.BasicBinder - binding parameter [1] as [VARCHAR] - [BTC]
2020-11-24 12:14:43.438 [main] TRACE org.hibernate.type.descriptor.sql.BasicBinder - binding parameter [2] as [DOUBLE] - [1.0]
2020-11-24 12:14:43.438 [main] TRACE org.hibernate.type.descriptor.sql.BasicBinder - binding parameter [3] as [VARCHAR] - [1]
2020-11-24 12:14:43.438 [main] TRACE org.hibernate.type.descriptor.sql.BasicBinder - binding parameter [4] as [DOUBLE] - [35000.0]
2020-11-24 12:14:43.438 [main] TRACE org.hibernate.type.descriptor.sql.BasicBinder - binding parameter [5] as [VARCHAR] - [CNY]
2020-11-24 12:14:43.438 [main] TRACE org.hibernate.type.descriptor.sql.BasicBinder - binding parameter [6] as [VARCHAR] - [2]
2020-11-24 12:14:43.439 [main] TRACE org.hibernate.type.descriptor.sql.BasicBinder - binding parameter [7] as [TIMESTAMP] - [Tue Nov 24 12:14:43 CST 2020]
2020-11-24 12:14:43.442 [main] TRACE org.hibernate.type.descriptor.sql.BasicBinder - binding parameter [8] as [VARCHAR] - []
2020-11-24 12:14:43.442 [main] TRACE org.hibernate.type.descriptor.sql.BasicBinder - binding parameter [9] as [INTEGER] - [1]
2020-11-24 12:14:43.443 [main] TRACE org.hibernate.type.descriptor.sql.BasicBinder - binding parameter [10] as [VARCHAR] - [Felix]
2020-11-24 12:14:43.443 [main] TRACE org.hibernate.type.descriptor.sql.BasicBinder - binding parameter [11] as [TIMESTAMP] - [Tue Nov 24 12:14:43 CST 2020]
2020-11-24 12:14:43.443 [main] TRACE org.hibernate.type.descriptor.sql.BasicBinder - binding parameter [12] as [VARCHAR] - [felix]
2020-11-24 12:14:43.444 [main] TRACE org.hibernate.type.descriptor.sql.BasicBinder - binding parameter [13] as [TIMESTAMP] - [Tue Nov 24 12:14:43 CST 2020]
2020-11-24 12:14:43.444 [main] TRACE org.hibernate.type.descriptor.sql.BasicBinder - binding parameter [14] as [VARCHAR] - [ff80808175f875f00175f875fcbf0000]
2020-11-24 12:15:57.955 [http-nio-8188-exec-2] DEBUG org.hibernate.SQL - select tradingrec0_.id as id1_0_, tradingrec0_.coin_code as coin_cod2_0_, tradingrec0_.quantity as quantity3_0_, tradingrec0_.trading_type as trading_4_0_, tradingrec0_.money as money5_0_, tradingrec0_.unit as unit6_0_, tradingrec0_.price_type as price_ty7_0_, tradingrec0_.booked_date as booked_d8_0_, tradingrec0_.remark as remark9_0_, tradingrec0_.revision as revisio10_0_, tradingrec0_.created_by as created11_0_, tradingrec0_.created_time as created12_0_, tradingrec0_.updated_by as updated13_0_, tradingrec0_.updated_time as updated14_0_ from trading_record tradingrec0_ limit ?
2020-11-24 12:16:06.523 [http-nio-8188-exec-3] DEBUG org.hibernate.SQL - select tradingrec0_.id as id1_0_0_, tradingrec0_.coin_code as coin_cod2_0_0_, tradingrec0_.quantity as quantity3_0_0_, tradingrec0_.trading_type as trading_4_0_0_, tradingrec0_.money as money5_0_0_, tradingrec0_.unit as unit6_0_0_, tradingrec0_.price_type as price_ty7_0_0_, tradingrec0_.booked_date as booked_d8_0_0_, tradingrec0_.remark as remark9_0_0_, tradingrec0_.revision as revisio10_0_0_, tradingrec0_.created_by as created11_0_0_, tradingrec0_.created_time as created12_0_0_, tradingrec0_.updated_by as updated13_0_0_, tradingrec0_.updated_time as updated14_0_0_ from trading_record tradingrec0_ where tradingrec0_.id=?
2020-11-24 12:16:06.527 [http-nio-8188-exec-3] TRACE org.hibernate.type.descriptor.sql.BasicBinder - binding parameter [1] as [VARCHAR] - [ff80808175f875f00175f875fcbf0000]
2020-11-24 12:16:13.074 [http-nio-8188-exec-4] DEBUG org.hibernate.SQL - select tradingrec0_.id as id1_0_, tradingrec0_.coin_code as coin_cod2_0_, tradingrec0_.quantity as quantity3_0_, tradingrec0_.trading_type as trading_4_0_, tradingrec0_.money as money5_0_, tradingrec0_.unit as unit6_0_, tradingrec0_.price_type as price_ty7_0_, tradingrec0_.booked_date as booked_d8_0_, tradingrec0_.remark as remark9_0_, tradingrec0_.revision as revisio10_0_, tradingrec0_.created_by as created11_0_, tradingrec0_.created_time as created12_0_, tradingrec0_.updated_by as updated13_0_, tradingrec0_.updated_time as updated14_0_ from trading_record tradingrec0_ limit ?
2020-11-24 12:16:27.197 [http-nio-8188-exec-5] DEBUG org.hibernate.SQL - select tradingrec0_.id as id1_0_, tradingrec0_.coin_code as coin_cod2_0_, tradingrec0_.quantity as quantity3_0_, tradingrec0_.trading_type as trading_4_0_, tradingrec0_.money as money5_0_, tradingrec0_.unit as unit6_0_, tradingrec0_.price_type as price_ty7_0_, tradingrec0_.booked_date as booked_d8_0_, tradingrec0_.remark as remark9_0_, tradingrec0_.revision as revisio10_0_, tradingrec0_.created_by as created11_0_, tradingrec0_.created_time as created12_0_, tradingrec0_.updated_by as updated13_0_, tradingrec0_.updated_time as updated14_0_ from trading_record tradingrec0_ where tradingrec0_.coin_code=?
2020-11-24 12:16:27.199 [http-nio-8188-exec-5] TRACE org.hibernate.type.descriptor.sql.BasicBinder - binding parameter [1] as [VARCHAR] - [BTC]
2020-11-24 12:22:47.805 [main] DEBUG org.hibernate.SQL - insert into trading_record (coin_code, quantity, trading_type, money, unit, price_type, booked_date, remark, revision, created_by, created_time, updated_by, updated_time, id) values (?, ?, ?, ?, ?, ?, ?, ?, ?, ?, ?, ?, ?, ?)
2020-11-24 12:22:47.815 [main] TRACE org.hibernate.type.descriptor.sql.BasicBinder - binding parameter [1] as [VARCHAR] - [BTC]
2020-11-24 12:22:47.817 [main] TRACE org.hibernate.type.descriptor.sql.BasicBinder - binding parameter [2] as [DOUBLE] - [1.0]
2020-11-24 12:22:47.817 [main] TRACE org.hibernate.type.descriptor.sql.BasicBinder - binding parameter [3] as [VARCHAR] - [1]
2020-11-24 12:22:47.817 [main] TRACE org.hibernate.type.descriptor.sql.BasicBinder - binding parameter [4] as [DOUBLE] - [35000.0]
2020-11-24 12:22:47.818 [main] TRACE org.hibernate.type.descriptor.sql.BasicBinder - binding parameter [5] as [VARCHAR] - [CNY]
2020-11-24 12:22:47.818 [main] TRACE org.hibernate.type.descriptor.sql.BasicBinder - binding parameter [6] as [VARCHAR] - [2]
2020-11-24 12:22:47.819 [main] TRACE org.hibernate.type.descriptor.sql.BasicBinder - binding parameter [7] as [TIMESTAMP] - [Tue Nov 24 12:22:47 CST 2020]
2020-11-24 12:22:47.821 [main] TRACE org.hibernate.type.descriptor.sql.BasicBinder - binding parameter [8] as [VARCHAR] - []
2020-11-24 12:22:47.822 [main] TRACE org.hibernate.type.descriptor.sql.BasicBinder - binding parameter [9] as [INTEGER] - [1]
2020-11-24 12:22:47.822 [main] TRACE org.hibernate.type.descriptor.sql.BasicBinder - binding parameter [10] as [VARCHAR] - [Felix]
2020-11-24 12:22:47.823 [main] TRACE org.hibernate.type.descriptor.sql.BasicBinder - binding parameter [11] as [TIMESTAMP] - [Tue Nov 24 12:22:47 CST 2020]
2020-11-24 12:22:47.823 [main] TRACE org.hibernate.type.descriptor.sql.BasicBinder - binding parameter [12] as [VARCHAR] - [felix]
2020-11-24 12:22:47.823 [main] TRACE org.hibernate.type.descriptor.sql.BasicBinder - binding parameter [13] as [TIMESTAMP] - [Tue Nov 24 12:22:47 CST 2020]
2020-11-24 12:22:47.823 [main] TRACE org.hibernate.type.descriptor.sql.BasicBinder - binding parameter [14] as [VARCHAR] - [ff80808175f87d550175f87d60d10000]
